<?xml version="1.0" encoding="UTF-8"?>
<!-- Generated by org.testng.reporters.JUnitXMLReporter -->
<testsuite ignored="0" hostname="Krishna" failures="0" tests="5" name="Regression Tests" time="13.185" errors="0" timestamp="2026-07-03T11:02:24 IST">
  <testcase classname="tests.LoginTest" name="validLoginTest" time="0.591"/>
  <testcase classname="tests.LoginTest" name="invalidLoginTest" time="0.508"/>
  <testcase classname="tests.PurchaseTest" name="purchaseProduct" time="1.461"/>
  <testcase classname="tests.CartValidationTest" name="verifyCart" time="0.869"/>
  <testcase classname="tests.CheckoutValidationTest" name="checkoutValidation" time="1.24"/>
</testsuite> <!-- Regression Tests -->
