<?xml version="1.0" encoding="UTF-8"?>
<testng-results ignored="0" total="5" passed="5" failed="0" skipped="0">
  <reporter-output>
  </reporter-output>
  <suite started-at="2026-07-03T11:02:10 IST" name="SauceDemo Hackathon Suite" finished-at="2026-07-03T11:02:24 IST" duration-ms="13185">
    <groups>
    </groups>
    <test started-at="2026-07-03T11:02:10 IST" name="Regression Tests" finished-at="2026-07-03T11:02:24 IST" duration-ms="13185">
      <class name="tests.LoginTest">
        <test-method is-config="true" signature="setup()[pri:0, instance:tests.LoginTest@6a4f1a55]" started-at="2026-07-03T11:02:10 IST" name="setup" finished-at="2026-07-03T11:02:12 IST" duration-ms="1833" status="PASS">
          <reporter-output>
          </reporter-output>
        </test-method> <!-- setup -->
        <test-method signature="validLoginTest()[pri:1, instance:tests.LoginTest@6a4f1a55]" started-at="2026-07-03T11:02:12 IST" name="validLoginTest" finished-at="2026-07-03T11:02:13 IST" duration-ms="591" status="PASS">
          <reporter-output>
          </reporter-output>
        </test-method> <!-- validLoginTest -->
        <test-method is-config="true" signature="tearDown()[pri:0, instance:tests.LoginTest@6a4f1a55]" started-at="2026-07-03T11:02:13 IST" name="tearDown" finished-at="2026-07-03T11:02:13 IST" duration-ms="429" status="PASS">
          <reporter-output>
          </reporter-output>
        </test-method> <!-- tearDown -->
        <test-method is-config="true" signature="setup()[pri:0, instance:tests.LoginTest@6a4f1a55]" started-at="2026-07-03T11:02:13 IST" name="setup" finished-at="2026-07-03T11:02:15 IST" duration-ms="1343" status="PASS">
          <reporter-output>
          </reporter-output>
        </test-method> <!-- setup -->
        <test-method signature="invalidLoginTest()[pri:2, instance:tests.LoginTest@6a4f1a55]" started-at="2026-07-03T11:02:15 IST" name="invalidLoginTest" finished-at="2026-07-03T11:02:15 IST" duration-ms="508" status="PASS">
          <reporter-output>
          </reporter-output>
        </test-method> <!-- invalidLoginTest -->
        <test-method is-config="true" signature="tearDown()[pri:0, instance:tests.LoginTest@6a4f1a55]" started-at="2026-07-03T11:02:15 IST" name="tearDown" finished-at="2026-07-03T11:02:15 IST" duration-ms="179" status="PASS">
          <reporter-output>
          </reporter-output>
        </test-method> <!-- tearDown -->
      </class> <!-- tests.LoginTest -->
      <class name="tests.CheckoutValidationTest">
        <test-method is-config="true" signature="setup()[pri:0, instance:tests.CheckoutValidationTest@15d49048]" started-at="2026-07-03T11:02:21 IST" name="setup" finished-at="2026-07-03T11:02:22 IST" duration-ms="1296" status="PASS">
          <reporter-output>
          </reporter-output>
        </test-method> <!-- setup -->
        <test-method signature="checkoutValidation()[pri:5, instance:tests.CheckoutValidationTest@15d49048]" started-at="2026-07-03T11:02:22 IST" name="checkoutValidation" finished-at="2026-07-03T11:02:23 IST" duration-ms="1240" status="PASS">
          <reporter-output>
          </reporter-output>
        </test-method> <!-- checkoutValidation -->
        <test-method is-config="true" signature="tearDown()[pri:0, instance:tests.CheckoutValidationTest@15d49048]" started-at="2026-07-03T11:02:23 IST" name="tearDown" finished-at="2026-07-03T11:02:24 IST" duration-ms="179" status="PASS">
          <reporter-output>
          </reporter-output>
        </test-method> <!-- tearDown -->
      </class> <!-- tests.CheckoutValidationTest -->
      <class name="tests.CartValidationTest">
        <test-method is-config="true" signature="setup()[pri:0, instance:tests.CartValidationTest@4470fbd6]" started-at="2026-07-03T11:02:18 IST" name="setup" finished-at="2026-07-03T11:02:20 IST" duration-ms="1344" status="PASS">
          <reporter-output>
          </reporter-output>
        </test-method> <!-- setup -->
        <test-method signature="verifyCart()[pri:4, instance:tests.CartValidationTest@4470fbd6]" started-at="2026-07-03T11:02:20 IST" name="verifyCart" finished-at="2026-07-03T11:02:21 IST" duration-ms="869" status="PASS">
          <reporter-output>
          </reporter-output>
        </test-method> <!-- verifyCart -->
        <test-method is-config="true" signature="tearDown()[pri:0, instance:tests.CartValidationTest@4470fbd6]" started-at="2026-07-03T11:02:21 IST" name="tearDown" finished-at="2026-07-03T11:02:21 IST" duration-ms="164" status="PASS">
          <reporter-output>
          </reporter-output>
        </test-method> <!-- tearDown -->
      </class> <!-- tests.CartValidationTest -->
      <class name="tests.PurchaseTest">
        <test-method is-config="true" signature="setup()[pri:0, instance:tests.PurchaseTest@448c8166]" started-at="2026-07-03T11:02:15 IST" name="setup" finished-at="2026-07-03T11:02:17 IST" duration-ms="1446" status="PASS">
          <reporter-output>
          </reporter-output>
        </test-method> <!-- setup -->
        <test-method signature="purchaseProduct()[pri:3, instance:tests.PurchaseTest@448c8166]" started-at="2026-07-03T11:02:17 IST" name="purchaseProduct" finished-at="2026-07-03T11:02:18 IST" duration-ms="1461" status="PASS">
          <reporter-output>
          </reporter-output>
        </test-method> <!-- purchaseProduct -->
        <test-method is-config="true" signature="tearDown()[pri:0, instance:tests.PurchaseTest@448c8166]" started-at="2026-07-03T11:02:18 IST" name="tearDown" finished-at="2026-07-03T11:02:18 IST" duration-ms="146" status="PASS">
          <reporter-output>
          </reporter-output>
        </test-method> <!-- tearDown -->
      </class> <!-- tests.PurchaseTest -->
    </test> <!-- Regression Tests -->
  </suite> <!-- SauceDemo Hackathon Suite -->
</testng-results>
