<?xml version="1.0" encoding="UTF-8"?>
<!-- Generated by org.testng.reporters.JUnitXMLReporter -->
<testsuite ignored="0" hostname="Krishna" failures="1" tests="5" name="Regression Tests" time="40.794" errors="0" timestamp="2026-07-03T11:36:52 IST">
  <testcase classname="tests.LoginTest" name="validLoginTest" time="2.129">
    <failure type="java.lang.AssertionError" message="expected [Productss] but found [Products]">
      <![CDATA[java.lang.AssertionError: expected [Productss] but found [Products]
at tests.LoginTest.validLoginTest(LoginTest.java:29)
at java.base/java.util.ArrayList.forEach(ArrayList.java:1596)
... Removed 35 stack frames]]>
    </failure>
  </testcase> <!-- validLoginTest -->
  <testcase classname="tests.LoginTest" name="invalidLoginTest" time="2.356"/>
  <testcase classname="tests.PurchaseTest" name="purchaseProduct" time="7.221"/>
  <testcase classname="tests.CartValidationTest" name="verifyCart" time="10.06"/>
  <testcase classname="tests.CheckoutValidationTest" name="checkoutValidation" time="7.73"/>
</testsuite> <!-- Regression Tests -->
